<?xml version="1.0" encoding="UTF-8"?>
<!-- Generated by org.testng.reporters.JUnitReportReporter -->
<testsuite hostname="DESKTOP-DIMGNTL" failures="0" tests="1" name="com.lms.testrunners.TestRunner" time="17.983" errors="0" timestamp="2022-09-26T23:49:55 EDT" skipped="0">
  <testcase classname="com.lms.testrunners.TestRunner" name="runScenario" time="17.983"/>
  <system-out/>
</testsuite> <!-- com.lms.testrunners.TestRunner -->
